  main.cpp
C:\Users\Windows\Documents\GitHub\Broken Mirror v2\BM\Engine\main.cpp(36,67): warning C4244: 'argument': conversion from 'unsigned int' to 'T', possible loss of data
          with
          [
              T=float
          ]
C:\Users\Windows\Documents\GitHub\Broken Mirror v2\BM\Engine\main.cpp(36,51): warning C4244: 'argument': conversion from 'unsigned int' to 'T', possible loss of data
          with
          [
              T=float
          ]
C:\Users\Windows\Documents\GitHub\Broken Mirror v2\BM\Engine\main.cpp(37,73): warning C4244: 'argument': conversion from 'unsigned int' to 'T', possible loss of data
          with
          [
              T=float
          ]
C:\Users\Windows\Documents\GitHub\Broken Mirror v2\BM\Engine\main.cpp(37,57): warning C4244: 'argument': conversion from 'unsigned int' to 'T', possible loss of data
          with
          [
              T=float
          ]
C:\Users\Windows\Documents\GitHub\Broken Mirror v2\BM\Engine\main.cpp(38,79): warning C4244: 'argument': conversion from 'unsigned int' to 'T', possible loss of data
          with
          [
              T=float
          ]
C:\Users\Windows\Documents\GitHub\Broken Mirror v2\BM\Engine\main.cpp(38,57): warning C4244: 'argument': conversion from 'unsigned int' to 'T', possible loss of data
          with
          [
              T=float
          ]
C:\Users\Windows\Documents\GitHub\Broken Mirror v2\BM\Engine\main.cpp(39,73): warning C4244: 'argument': conversion from 'unsigned int' to 'T', possible loss of data
          with
          [
              T=float
          ]
C:\Users\Windows\Documents\GitHub\Broken Mirror v2\BM\Engine\main.cpp(39,51): warning C4244: 'argument': conversion from 'unsigned int' to 'T', possible loss of data
          with
          [
              T=float
          ]
C:\Users\Windows\Documents\GitHub\Broken Mirror v2\BM\Engine\main.cpp(42,70): warning C4244: 'argument': conversion from 'T' to 'T', possible loss of data
          with
          [
              T=unsigned int
          ]
          and
          [
              T=float
          ]
C:\Users\Windows\Documents\GitHub\Broken Mirror v2\BM\Engine\main.cpp(42,53): warning C4244: 'argument': conversion from 'T' to 'T', possible loss of data
          with
          [
              T=unsigned int
          ]
          and
          [
              T=float
          ]
C:\Users\Windows\Documents\GitHub\Broken Mirror v2\BM\Engine\main.cpp(43,76): warning C4244: 'argument': conversion from 'T' to 'T', possible loss of data
          with
          [
              T=unsigned int
          ]
          and
          [
              T=float
          ]
C:\Users\Windows\Documents\GitHub\Broken Mirror v2\BM\Engine\main.cpp(43,59): warning C4244: 'argument': conversion from 'T' to 'T', possible loss of data
          with
          [
              T=unsigned int
          ]
          and
          [
              T=float
          ]
C:\Users\Windows\Documents\GitHub\Broken Mirror v2\BM\Engine\main.cpp(44,82): warning C4244: 'argument': conversion from 'T' to 'T', possible loss of data
          with
          [
              T=unsigned int
          ]
          and
          [
              T=float
          ]
C:\Users\Windows\Documents\GitHub\Broken Mirror v2\BM\Engine\main.cpp(44,59): warning C4244: 'argument': conversion from 'T' to 'T', possible loss of data
          with
          [
              T=unsigned int
          ]
          and
          [
              T=float
          ]
C:\Users\Windows\Documents\GitHub\Broken Mirror v2\BM\Engine\main.cpp(45,76): warning C4244: 'argument': conversion from 'T' to 'T', possible loss of data
          with
          [
              T=unsigned int
          ]
          and
          [
              T=float
          ]
C:\Users\Windows\Documents\GitHub\Broken Mirror v2\BM\Engine\main.cpp(45,53): warning C4244: 'argument': conversion from 'T' to 'T', possible loss of data
          with
          [
              T=unsigned int
          ]
          and
          [
              T=float
          ]
  Generating code
  0 of 299 functions ( 0.0%) were compiled, the rest were copied from previous compilation.
    0 functions were new in current compilation
    0 functions had inline decision re-evaluated but remain unchanged
  Finished generating code
  Broken Mirror v2.vcxproj -> C:\Users\Windows\Documents\GitHub\Broken Mirror v2\BM\Release\Broken Mirror v2.exe
